<?xml version="1.0" encoding="UTF-8"?>
<!-- Generated by org.testng.reporters.JUnitReportReporter -->
<testsuite hostname="RanjanKumar" failures="0" tests="1" name="Practice.DemoTest" time="0.025" errors="0" timestamp="2021-12-09T13:42:03 IST" skipped="0">
  <testcase classname="Practice.DemoTest" name="Demo" time="0.025"/>
  <system-out/>
</testsuite> <!-- Practice.DemoTest -->
